<?xml version="1.0" encoding="UTF-8"?>
<testng-results ignored="0" total="1" passed="1" failed="0" skipped="0">
  <reporter-output>
  </reporter-output>
  <suite started-at="2022-08-26T16:21:09Z" name="Default suite" finished-at="2022-08-26T16:21:43Z" duration-ms="33986">
    <groups>
    </groups>
    <test started-at="2022-08-26T16:21:09Z" name="Default test" finished-at="2022-08-26T16:21:43Z" duration-ms="33986">
      <class name="com.finalProject.orangeHrm">
        <test-method is-config="true" signature="beforeTest()[pri:0, instance:com.finalProject.orangeHrm@2767e23c]" started-at="2022-08-26T16:21:09Z" name="beforeTest" finished-at="2022-08-26T16:21:11Z" duration-ms="2549" status="PASS">
          <reporter-output>
          </reporter-output>
        </test-method> <!-- beforeTest -->
        <test-method signature="tc001()[pri:0, instance:com.finalProject.orangeHrm@2767e23c]" started-at="2022-08-26T16:21:11Z" name="tc001" finished-at="2022-08-26T16:21:42Z" duration-ms="31144" status="PASS">
          <reporter-output>
          </reporter-output>
        </test-method> <!-- tc001 -->
        <test-method is-config="true" signature="getResult(org.testng.ITestResult)[pri:0, instance:com.finalProject.orangeHrm@2767e23c]" started-at="2022-08-26T16:21:42Z" name="getResult" finished-at="2022-08-26T16:21:42Z" duration-ms="2" status="PASS">
          <params>
            <param index="0">
              <value>
                <![CDATA[[TestResult name=tc001 status=SUCCESS method=orangeHrm.tc001()[pri:0, instance:com.finalProject.orangeHrm@2767e23c] output={null}]]]>
              </value>
            </param>
          </params>
          <reporter-output>
          </reporter-output>
        </test-method> <!-- getResult -->
        <test-method is-config="true" signature="afterTest()[pri:0, instance:com.finalProject.orangeHrm@2767e23c]" started-at="2022-08-26T16:21:42Z" name="afterTest" finished-at="2022-08-26T16:21:43Z" duration-ms="276" status="PASS">
          <reporter-output>
          </reporter-output>
        </test-method> <!-- afterTest -->
      </class> <!-- com.finalProject.orangeHrm -->
    </test> <!-- Default test -->
  </suite> <!-- Default suite -->
</testng-results>
